<?xml version="1.0" encoding="UTF-8"?>
<!-- Generated by org.testng.reporters.JUnitReportReporter -->
<testsuite hostname="Lucifer" failures="0" tests="4" name="com.Crm.Vtiger.contactsTest.VerifyuserCreateContactsTest" time="42.717" errors="0" timestamp="2023-08-12T00:04:54 IST" skipped="0">
  <testcase classname="com.Crm.Vtiger.contactsTest.VerifyuserCreateContactsTest" name="createContect" time="7.777"/>
  <testcase classname="com.Crm.Vtiger.contactsTest.VerifyuserCreateContactsTest" name="createContect" time="8.022"/>
  <testcase classname="com.Crm.Vtiger.contactsTest.VerifyuserCreateContactsTest" name="createContect" time="7.802"/>
  <testcase classname="com.Crm.Vtiger.contactsTest.VerifyuserCreateContactsTest" name="createContect" time="19.116"/>
</testsuite> <!-- com.Crm.Vtiger.contactsTest.VerifyuserCreateContactsTest -->
