<?xml version="1.0" encoding="UTF-8"?>
<!-- Generated by org.testng.reporters.JUnitReportReporter -->
<testsuite hostname="Lucifer" failures="0" tests="4" name="com.Crm.Vtiger.contactsTest.VerifyuserCreateContactsTest" time="40.974" errors="0" timestamp="2023-08-12T22:45:07 IST" skipped="0">
  <testcase classname="com.Crm.Vtiger.contactsTest.VerifyuserCreateContactsTest" name="createContect" time="15.070"/>
  <testcase classname="com.Crm.Vtiger.contactsTest.VerifyuserCreateContactsTest" name="createContect" time="7.759"/>
  <testcase classname="com.Crm.Vtiger.contactsTest.VerifyuserCreateContactsTest" name="createContect" time="7.724"/>
  <testcase classname="com.Crm.Vtiger.contactsTest.VerifyuserCreateContactsTest" name="createContect" time="10.421"/>
</testsuite> <!-- com.Crm.Vtiger.contactsTest.VerifyuserCreateContactsTest -->
