<?xml version="1.0" encoding="UTF-8"?>
<!-- Generated by org.testng.reporters.JUnitReportReporter -->
<testsuite hostname="Lucifer" failures="0" tests="3" name="com.Crm.Vtiger.Practice.FetchData" time="0.045" errors="0" timestamp="2023-07-28T14:42:31 IST" skipped="0">
  <testcase classname="com.Crm.Vtiger.Practice.FetchData" name="datafetch" time="0.002"/>
  <testcase classname="com.Crm.Vtiger.Practice.FetchData" name="datafetch" time="0.040"/>
  <testcase classname="com.Crm.Vtiger.Practice.FetchData" name="datafetch" time="0.003"/>
</testsuite> <!-- com.Crm.Vtiger.Practice.FetchData -->
