<?xml version="1.0" encoding="UTF-8"?>
<!-- Generated by org.testng.reporters.JUnitReportReporter -->
<testsuite hostname="Lucifer" failures="0" tests="3" name="com.Crm.Vtiger.Practice.DataProvider_Practice" time="0.025" errors="0" timestamp="2023-07-28T14:28:29 IST" skipped="0">
  <testcase classname="com.Crm.Vtiger.Practice.DataProvider_Practice" name="datafetch" time="0.001"/>
  <testcase classname="com.Crm.Vtiger.Practice.DataProvider_Practice" name="datafetch" time="0.002"/>
  <testcase classname="com.Crm.Vtiger.Practice.DataProvider_Practice" name="datafetch" time="0.022"/>
</testsuite> <!-- com.Crm.Vtiger.Practice.DataProvider_Practice -->
