<?xml version="1.0" encoding="UTF-8"?>
<!-- Generated by org.testng.reporters.JUnitReportReporter -->
<testsuite hostname="Lucifer" failures="0" tests="4" name="com.Crm.Vtiger.contactsTest.VerifyuserCreateContactsTest" time="43.653" errors="0" timestamp="2023-08-12T22:17:14 IST" skipped="0">
  <testcase classname="com.Crm.Vtiger.contactsTest.VerifyuserCreateContactsTest" name="createContect" time="16.861"/>
  <testcase classname="com.Crm.Vtiger.contactsTest.VerifyuserCreateContactsTest" name="createContect" time="8.117"/>
  <testcase classname="com.Crm.Vtiger.contactsTest.VerifyuserCreateContactsTest" name="createContect" time="8.020"/>
  <testcase classname="com.Crm.Vtiger.contactsTest.VerifyuserCreateContactsTest" name="createContect" time="10.655"/>
</testsuite> <!-- com.Crm.Vtiger.contactsTest.VerifyuserCreateContactsTest -->
