<?xml version="1.0" encoding="UTF-8"?>
<!-- Generated by org.testng.reporters.JUnitReportReporter -->
<testsuite hostname="Lucifer" failures="0" tests="8" name="com.Crm.Vtiger.OrganaisationTest.VerifyUserCreationOrganaitionTest" time="180.309" errors="0" timestamp="2023-08-07T21:57:44 IST" skipped="0">
  <testcase classname="com.Crm.Vtiger.OrganaisationTest.VerifyUserCreationOrganaitionTest" name="createOrg" time="22.954"/>
  <testcase classname="com.Crm.Vtiger.OrganaisationTest.VerifyUserCreationOrganaitionTest" name="createOrg" time="22.527"/>
  <testcase classname="com.Crm.Vtiger.OrganaisationTest.VerifyUserCreationOrganaitionTest" name="createOrg" time="21.573"/>
  <testcase classname="com.Crm.Vtiger.OrganaisationTest.VerifyUserCreationOrganaitionTest" name="createOrg" time="22.807"/>
  <testcase classname="com.Crm.Vtiger.OrganaisationTest.VerifyUserCreationOrganaitionTest" name="createOrg" time="24.019"/>
  <testcase classname="com.Crm.Vtiger.OrganaisationTest.VerifyUserCreationOrganaitionTest" name="createOrg" time="23.683"/>
  <testcase classname="com.Crm.Vtiger.OrganaisationTest.VerifyUserCreationOrganaitionTest" name="createOrg" time="20.192"/>
  <testcase classname="com.Crm.Vtiger.OrganaisationTest.VerifyUserCreationOrganaitionTest" name="createOrg" time="22.554"/>
</testsuite> <!-- com.Crm.Vtiger.OrganaisationTest.VerifyUserCreationOrganaitionTest -->
